<?xml version="1.0" encoding="utf-8" standalone="no"?>
<!--This file represents the results of running a test suite-->
<test-results name="C:\Matt\code\Stateless.WorkflowEngine\source\Stateless.Workflow.Tests.nunit" total="8" errors="0" failures="0" not-run="0" inconclusive="0" ignored="0" skipped="0" invalid="0" date="2014-10-04" time="12:44:22">
  <environment nunit-version="2.6.3.13283" clr-version="2.0.50727.5485" os-version="Microsoft Windows NT 6.1.7601 Service Pack 1" platform="Win32NT" cwd="C:\Program Files (x86)\NUnit 2.6.3\bin" machine-name="ACC2S" user="matts" user-domain="IUA2008" />
  <culture-info current-culture="en-ZA" current-uiculture="en-US" />
  <test-suite type="Project" name="C:\Matt\code\Stateless.WorkflowEngine\source\Stateless.Workflow.Tests.nunit" executed="True" result="Success" success="True" time="14.557" asserts="0">
    <results>
      <test-suite type="Assembly" name="C:\Matt\code\Stateless.WorkflowEngine\source\Test.Stateless.WorkflowEngine.RavenDb\bin\Debug\Test.Stateless.WorkflowEngine.RavenDb.dll" executed="True" result="Success" success="True" time="14.557" asserts="0">
        <results>
          <test-suite type="Namespace" name="Test" executed="True" result="Success" success="True" time="14.556" asserts="0">
            <results>
              <test-suite type="Namespace" name="Stateless" executed="True" result="Success" success="True" time="14.556" asserts="0">
                <results>
                  <test-suite type="Namespace" name="WorkflowEngine" executed="True" result="Success" success="True" time="14.556" asserts="0">
                    <results>
                      <test-suite type="Namespace" name="RavenDb" executed="True" result="Success" success="True" time="14.556" asserts="0">
                        <results>
                          <test-suite type="TestFixture" name="RavenDbWorkflowStoreTest" executed="True" result="Success" success="True" time="14.555" asserts="0">
                            <results>
                              <test-case name="Test.Stateless.WorkflowEngine.RavenDb.RavenDbWorkflowStoreTest.WorkflowStoreTestBase.Archive_WorkflowIsMoved" executed="True" result="Success" success="True" time="6.951" asserts="2" />
                              <test-case name="Test.Stateless.WorkflowEngine.RavenDb.RavenDbWorkflowStoreTest.WorkflowStoreTestBase.Get_InvalidId_ThrowsException" executed="True" result="Success" success="True" time="0.004" asserts="0" />
                              <test-case name="Test.Stateless.WorkflowEngine.RavenDb.RavenDbWorkflowStoreTest.WorkflowStoreTestBase.Get_ValidId_ReturnsWorkflow" executed="True" result="Success" success="True" time="0.120" asserts="2" />
                              <test-case name="Test.Stateless.WorkflowEngine.RavenDb.RavenDbWorkflowStoreTest.WorkflowStoreTestBase.GetActive_MultipleWorkflowsReturned_OrderedByCreateDateAfterRetryCount" executed="True" result="Success" success="True" time="0.942" asserts="3" />
                              <test-case name="Test.Stateless.WorkflowEngine.RavenDb.RavenDbWorkflowStoreTest.WorkflowStoreTestBase.GetActive_MultipleWorkflowsReturned_OrderedByRetryCountBeforeCreateDate" executed="True" result="Success" success="True" time="0.123" asserts="3" />
                              <test-case name="Test.Stateless.WorkflowEngine.RavenDb.RavenDbWorkflowStoreTest.WorkflowStoreTestBase.GetActive_WorkflowIsSuspended_NotReturned" executed="True" result="Success" success="True" time="0.116" asserts="2" />
                              <test-case name="Test.Stateless.WorkflowEngine.RavenDb.RavenDbWorkflowStoreTest.WorkflowStoreTestBase.GetActive_WorkflowResumeDateInFuture_NotReturned" executed="True" result="Success" success="True" time="0.133" asserts="4" />
                              <test-case name="Test.Stateless.WorkflowEngine.RavenDb.RavenDbWorkflowStoreTest.WorkflowStoreTestBase.GetAllByType_OnExecute_ReturnsCorrectWorkflows" executed="True" result="Success" success="True" time="0.386" asserts="1" />
                            </results>
                          </test-suite>
                        </results>
                      </test-suite>
                    </results>
                  </test-suite>
                </results>
              </test-suite>
            </results>
          </test-suite>
        </results>
      </test-suite>
    </results>
  </test-suite>
</test-results>